CRITICAL - 2021-02-10 03:29:29 --> Invalid file: Dasboard/d_1.php
#0 E:\zaam\virtuz\virtuz-web\vendor\codeigniter4\framework\system\View\View.php(228): CodeIgniter\Exceptions\FrameworkException::forInvalidFile('Dasboard/d_1.ph...')
#1 E:\zaam\virtuz\virtuz-web\vendor\codeigniter4\framework\system\Common.php(1119): CodeIgniter\View\View->render('Dasboard/d_1', Array, true)
#2 E:\zaam\virtuz\virtuz-web\app\Controllers\Dashboard.php(9): view('Dasboard/d_1')
#3 E:\zaam\virtuz\virtuz-web\vendor\codeigniter4\framework\system\CodeIgniter.php(918): App\Controllers\Dashboard->index()
#4 E:\zaam\virtuz\virtuz-web\vendor\codeigniter4\framework\system\CodeIgniter.php(404): CodeIgniter\CodeIgniter->runController(Object(App\Controllers\Dashboard))
#5 E:\zaam\virtuz\virtuz-web\vendor\codeigniter4\framework\system\CodeIgniter.php(312): CodeIgniter\CodeIgniter->handleRequest(NULL, Object(Config\Cache), false)
#6 E:\zaam\virtuz\virtuz-web\public\index.php(45): CodeIgniter\CodeIgniter->run()
#7 E:\zaam\virtuz\virtuz-web\vendor\codeigniter4\framework\system\Commands\Server\rewrite.php(34): require_once('E:\\zaam\\virtuz\\...')
#8 {main}
CRITICAL - 2021-02-10 03:29:32 --> Invalid file: Dasboard/d_1.php
#0 E:\zaam\virtuz\virtuz-web\vendor\codeigniter4\framework\system\View\View.php(228): CodeIgniter\Exceptions\FrameworkException::forInvalidFile('Dasboard/d_1.ph...')
#1 E:\zaam\virtuz\virtuz-web\vendor\codeigniter4\framework\system\Common.php(1119): CodeIgniter\View\View->render('Dasboard/d_1', Array, true)
#2 E:\zaam\virtuz\virtuz-web\app\Controllers\Dashboard.php(9): view('Dasboard/d_1')
#3 E:\zaam\virtuz\virtuz-web\vendor\codeigniter4\framework\system\CodeIgniter.php(918): App\Controllers\Dashboard->index()
#4 E:\zaam\virtuz\virtuz-web\vendor\codeigniter4\framework\system\CodeIgniter.php(404): CodeIgniter\CodeIgniter->runController(Object(App\Controllers\Dashboard))
#5 E:\zaam\virtuz\virtuz-web\vendor\codeigniter4\framework\system\CodeIgniter.php(312): CodeIgniter\CodeIgniter->handleRequest(NULL, Object(Config\Cache), false)
#6 E:\zaam\virtuz\virtuz-web\public\index.php(45): CodeIgniter\CodeIgniter->run()
#7 E:\zaam\virtuz\virtuz-web\vendor\codeigniter4\framework\system\Commands\Server\rewrite.php(34): require_once('E:\\zaam\\virtuz\\...')
#8 {main}
CRITICAL - 2021-02-10 23:13:57 --> Invalid file: Security.php
#0 E:\zaam\virtuz\virtuz-web\vendor\codeigniter4\framework\system\View\View.php(228): CodeIgniter\Exceptions\FrameworkException::forInvalidFile('Security.php')
#1 E:\zaam\virtuz\virtuz-web\vendor\codeigniter4\framework\system\Common.php(1119): CodeIgniter\View\View->render('Security', Array, true)
#2 E:\zaam\virtuz\virtuz-web\app\Controllers\Security.php(9): view('Security')
#3 E:\zaam\virtuz\virtuz-web\vendor\codeigniter4\framework\system\CodeIgniter.php(918): App\Controllers\Security->index()
#4 E:\zaam\virtuz\virtuz-web\vendor\codeigniter4\framework\system\CodeIgniter.php(404): CodeIgniter\CodeIgniter->runController(Object(App\Controllers\Security))
#5 E:\zaam\virtuz\virtuz-web\vendor\codeigniter4\framework\system\CodeIgniter.php(312): CodeIgniter\CodeIgniter->handleRequest(NULL, Object(Config\Cache), false)
#6 E:\zaam\virtuz\virtuz-web\public\index.php(45): CodeIgniter\CodeIgniter->run()
#7 E:\zaam\virtuz\virtuz-web\vendor\codeigniter4\framework\system\Commands\Server\rewrite.php(34): require_once('E:\\zaam\\virtuz\\...')
#8 {main}
CRITICAL - 2021-02-10 23:14:12 --> Invalid file: Security.php
#0 E:\zaam\virtuz\virtuz-web\vendor\codeigniter4\framework\system\View\View.php(228): CodeIgniter\Exceptions\FrameworkException::forInvalidFile('Security.php')
#1 E:\zaam\virtuz\virtuz-web\vendor\codeigniter4\framework\system\Common.php(1119): CodeIgniter\View\View->render('Security', Array, true)
#2 E:\zaam\virtuz\virtuz-web\app\Controllers\Security.php(9): view('Security')
#3 E:\zaam\virtuz\virtuz-web\vendor\codeigniter4\framework\system\CodeIgniter.php(918): App\Controllers\Security->index()
#4 E:\zaam\virtuz\virtuz-web\vendor\codeigniter4\framework\system\CodeIgniter.php(404): CodeIgniter\CodeIgniter->runController(Object(App\Controllers\Security))
#5 E:\zaam\virtuz\virtuz-web\vendor\codeigniter4\framework\system\CodeIgniter.php(312): CodeIgniter\CodeIgniter->handleRequest(NULL, Object(Config\Cache), false)
#6 E:\zaam\virtuz\virtuz-web\public\index.php(45): CodeIgniter\CodeIgniter->run()
#7 E:\zaam\virtuz\virtuz-web\vendor\codeigniter4\framework\system\Commands\Server\rewrite.php(34): require_once('E:\\zaam\\virtuz\\...')
#8 {main}
CRITICAL - 2021-02-10 23:14:32 --> Invalid file: Security.php
#0 E:\zaam\virtuz\virtuz-web\vendor\codeigniter4\framework\system\View\View.php(228): CodeIgniter\Exceptions\FrameworkException::forInvalidFile('Security.php')
#1 E:\zaam\virtuz\virtuz-web\vendor\codeigniter4\framework\system\Common.php(1119): CodeIgniter\View\View->render('Security', Array, true)
#2 E:\zaam\virtuz\virtuz-web\app\Controllers\Security.php(9): view('Security')
#3 E:\zaam\virtuz\virtuz-web\vendor\codeigniter4\framework\system\CodeIgniter.php(918): App\Controllers\Security->index()
#4 E:\zaam\virtuz\virtuz-web\vendor\codeigniter4\framework\system\CodeIgniter.php(404): CodeIgniter\CodeIgniter->runController(Object(App\Controllers\Security))
#5 E:\zaam\virtuz\virtuz-web\vendor\codeigniter4\framework\system\CodeIgniter.php(312): CodeIgniter\CodeIgniter->handleRequest(NULL, Object(Config\Cache), false)
#6 E:\zaam\virtuz\virtuz-web\public\index.php(45): CodeIgniter\CodeIgniter->run()
#7 E:\zaam\virtuz\virtuz-web\vendor\codeigniter4\framework\system\Commands\Server\rewrite.php(34): require_once('E:\\zaam\\virtuz\\...')
#8 {main}
CRITICAL - 2021-02-10 23:18:20 --> Function name must be a string
#0 E:\zaam\virtuz\virtuz-web\vendor\codeigniter4\framework\system\View\View.php(246): include()
#1 E:\zaam\virtuz\virtuz-web\vendor\codeigniter4\framework\system\View\View.php(257): CodeIgniter\View\View->render('layout/template', Array, true)
#2 E:\zaam\virtuz\virtuz-web\vendor\codeigniter4\framework\system\Common.php(1119): CodeIgniter\View\View->render('Dashboard/d_1', Array, true)
#3 E:\zaam\virtuz\virtuz-web\app\Controllers\Dashboard.php(9): view('Dashboard/d_1')
#4 E:\zaam\virtuz\virtuz-web\vendor\codeigniter4\framework\system\CodeIgniter.php(918): App\Controllers\Dashboard->index()
#5 E:\zaam\virtuz\virtuz-web\vendor\codeigniter4\framework\system\CodeIgniter.php(404): CodeIgniter\CodeIgniter->runController(Object(App\Controllers\Dashboard))
#6 E:\zaam\virtuz\virtuz-web\vendor\codeigniter4\framework\system\CodeIgniter.php(312): CodeIgniter\CodeIgniter->handleRequest(NULL, Object(Config\Cache), false)
#7 E:\zaam\virtuz\virtuz-web\public\index.php(45): CodeIgniter\CodeIgniter->run()
#8 E:\zaam\virtuz\virtuz-web\vendor\codeigniter4\framework\system\Commands\Server\rewrite.php(34): require_once('E:\\zaam\\virtuz\\...')
#9 {main}
CRITICAL - 2021-02-10 23:18:29 --> Function name must be a string
#0 E:\zaam\virtuz\virtuz-web\vendor\codeigniter4\framework\system\View\View.php(246): include()
#1 E:\zaam\virtuz\virtuz-web\vendor\codeigniter4\framework\system\View\View.php(257): CodeIgniter\View\View->render('layout/template', Array, true)
#2 E:\zaam\virtuz\virtuz-web\vendor\codeigniter4\framework\system\Common.php(1119): CodeIgniter\View\View->render('Dashboard/d_1', Array, true)
#3 E:\zaam\virtuz\virtuz-web\app\Controllers\Dashboard.php(9): view('Dashboard/d_1')
#4 E:\zaam\virtuz\virtuz-web\vendor\codeigniter4\framework\system\CodeIgniter.php(918): App\Controllers\Dashboard->index()
#5 E:\zaam\virtuz\virtuz-web\vendor\codeigniter4\framework\system\CodeIgniter.php(404): CodeIgniter\CodeIgniter->runController(Object(App\Controllers\Dashboard))
#6 E:\zaam\virtuz\virtuz-web\vendor\codeigniter4\framework\system\CodeIgniter.php(312): CodeIgniter\CodeIgniter->handleRequest(NULL, Object(Config\Cache), false)
#7 E:\zaam\virtuz\virtuz-web\public\index.php(45): CodeIgniter\CodeIgniter->run()
#8 E:\zaam\virtuz\virtuz-web\vendor\codeigniter4\framework\system\Commands\Server\rewrite.php(34): require_once('E:\\zaam\\virtuz\\...')
#9 {main}
CRITICAL - 2021-02-10 23:18:39 --> Function name must be a string
#0 E:\zaam\virtuz\virtuz-web\vendor\codeigniter4\framework\system\View\View.php(246): include()
#1 E:\zaam\virtuz\virtuz-web\vendor\codeigniter4\framework\system\View\View.php(257): CodeIgniter\View\View->render('layout/template', Array, true)
#2 E:\zaam\virtuz\virtuz-web\vendor\codeigniter4\framework\system\Common.php(1119): CodeIgniter\View\View->render('Dashboard/d_1', Array, true)
#3 E:\zaam\virtuz\virtuz-web\app\Controllers\Dashboard.php(9): view('Dashboard/d_1')
#4 E:\zaam\virtuz\virtuz-web\vendor\codeigniter4\framework\system\CodeIgniter.php(918): App\Controllers\Dashboard->index()
#5 E:\zaam\virtuz\virtuz-web\vendor\codeigniter4\framework\system\CodeIgniter.php(404): CodeIgniter\CodeIgniter->runController(Object(App\Controllers\Dashboard))
#6 E:\zaam\virtuz\virtuz-web\vendor\codeigniter4\framework\system\CodeIgniter.php(312): CodeIgniter\CodeIgniter->handleRequest(NULL, Object(Config\Cache), false)
#7 E:\zaam\virtuz\virtuz-web\public\index.php(45): CodeIgniter\CodeIgniter->run()
#8 E:\zaam\virtuz\virtuz-web\vendor\codeigniter4\framework\system\Commands\Server\rewrite.php(34): require_once('E:\\zaam\\virtuz\\...')
#9 {main}
CRITICAL - 2021-02-10 23:18:45 --> Function name must be a string
#0 E:\zaam\virtuz\virtuz-web\vendor\codeigniter4\framework\system\View\View.php(246): include()
#1 E:\zaam\virtuz\virtuz-web\vendor\codeigniter4\framework\system\View\View.php(257): CodeIgniter\View\View->render('layout/template', Array, true)
#2 E:\zaam\virtuz\virtuz-web\vendor\codeigniter4\framework\system\Common.php(1119): CodeIgniter\View\View->render('Dashboard/d_2', Array, true)
#3 E:\zaam\virtuz\virtuz-web\app\Controllers\Dashboard2.php(9): view('Dashboard/d_2')
#4 E:\zaam\virtuz\virtuz-web\vendor\codeigniter4\framework\system\CodeIgniter.php(918): App\Controllers\Dashboard2->index()
#5 E:\zaam\virtuz\virtuz-web\vendor\codeigniter4\framework\system\CodeIgniter.php(404): CodeIgniter\CodeIgniter->runController(Object(App\Controllers\Dashboard2))
#6 E:\zaam\virtuz\virtuz-web\vendor\codeigniter4\framework\system\CodeIgniter.php(312): CodeIgniter\CodeIgniter->handleRequest(NULL, Object(Config\Cache), false)
#7 E:\zaam\virtuz\virtuz-web\public\index.php(45): CodeIgniter\CodeIgniter->run()
#8 E:\zaam\virtuz\virtuz-web\vendor\codeigniter4\framework\system\Commands\Server\rewrite.php(34): require_once('E:\\zaam\\virtuz\\...')
#9 {main}
CRITICAL - 2021-02-10 23:18:58 --> Function name must be a string
#0 E:\zaam\virtuz\virtuz-web\vendor\codeigniter4\framework\system\View\View.php(246): include()
#1 E:\zaam\virtuz\virtuz-web\vendor\codeigniter4\framework\system\View\View.php(257): CodeIgniter\View\View->render('layout/template', Array, true)
#2 E:\zaam\virtuz\virtuz-web\vendor\codeigniter4\framework\system\Common.php(1119): CodeIgniter\View\View->render('Dashboard/d_2', Array, true)
#3 E:\zaam\virtuz\virtuz-web\app\Controllers\Dashboard2.php(9): view('Dashboard/d_2')
#4 E:\zaam\virtuz\virtuz-web\vendor\codeigniter4\framework\system\CodeIgniter.php(918): App\Controllers\Dashboard2->index()
#5 E:\zaam\virtuz\virtuz-web\vendor\codeigniter4\framework\system\CodeIgniter.php(404): CodeIgniter\CodeIgniter->runController(Object(App\Controllers\Dashboard2))
#6 E:\zaam\virtuz\virtuz-web\vendor\codeigniter4\framework\system\CodeIgniter.php(312): CodeIgniter\CodeIgniter->handleRequest(NULL, Object(Config\Cache), false)
#7 E:\zaam\virtuz\virtuz-web\public\index.php(45): CodeIgniter\CodeIgniter->run()
#8 E:\zaam\virtuz\virtuz-web\vendor\codeigniter4\framework\system\Commands\Server\rewrite.php(34): require_once('E:\\zaam\\virtuz\\...')
#9 {main}
