CRITICAL - 2021-02-22 06:47:23 --> You must set the database table to be used with your query.
#0 C:\xampp\htdocs\virtus-web1\vendor\codeigniter4\framework\system\Model.php(1237): CodeIgniter\Database\BaseConnection->table(NULL)
#1 C:\xampp\htdocs\virtus-web1\vendor\codeigniter4\framework\system\Model.php(1816): CodeIgniter\Model->builder()
#2 C:\xampp\htdocs\virtus-web1\app\Controllers\Login.php(21): CodeIgniter\Model->__call('where', Array)
#3 C:\xampp\htdocs\virtus-web1\vendor\codeigniter4\framework\system\CodeIgniter.php(918): App\Controllers\Login->auth()
#4 C:\xampp\htdocs\virtus-web1\vendor\codeigniter4\framework\system\CodeIgniter.php(404): CodeIgniter\CodeIgniter->runController(Object(App\Controllers\Login))
#5 C:\xampp\htdocs\virtus-web1\vendor\codeigniter4\framework\system\CodeIgniter.php(312): CodeIgniter\CodeIgniter->handleRequest(NULL, Object(Config\Cache), false)
#6 C:\xampp\htdocs\virtus-web1\public\index.php(45): CodeIgniter\CodeIgniter->run()
#7 C:\xampp\htdocs\virtus-web1\vendor\codeigniter4\framework\system\Commands\Server\rewrite.php(34): require_once('C:\\xampp\\htdocs...')
#8 {main}
CRITICAL - 2021-02-22 06:52:32 --> Class 'App\Models\UserModel' not found
#0 C:\xampp\htdocs\virtus-web1\vendor\codeigniter4\framework\system\CodeIgniter.php(918): App\Controllers\Login->auth()
#1 C:\xampp\htdocs\virtus-web1\vendor\codeigniter4\framework\system\CodeIgniter.php(404): CodeIgniter\CodeIgniter->runController(Object(App\Controllers\Login))
#2 C:\xampp\htdocs\virtus-web1\vendor\codeigniter4\framework\system\CodeIgniter.php(312): CodeIgniter\CodeIgniter->handleRequest(NULL, Object(Config\Cache), false)
#3 C:\xampp\htdocs\virtus-web1\public\index.php(45): CodeIgniter\CodeIgniter->run()
#4 C:\xampp\htdocs\virtus-web1\vendor\codeigniter4\framework\system\Commands\Server\rewrite.php(34): require_once('C:\\xampp\\htdocs...')
#5 {main}
CRITICAL - 2021-02-22 10:03:27 --> Undefined variable: Lokasi
#0 C:\xampp\htdocs\virtus-web1\app\Views\Dashboard\d_1.php(20): CodeIgniter\Debug\Exceptions->errorHandler(8, 'Undefined varia...', 'C:\\xampp\\htdocs...', 20, Array)
#1 C:\xampp\htdocs\virtus-web1\vendor\codeigniter4\framework\system\View\View.php(246): include('C:\\xampp\\htdocs...')
#2 C:\xampp\htdocs\virtus-web1\vendor\codeigniter4\framework\system\Common.php(1119): CodeIgniter\View\View->render('Dashboard/d_1', Array, true)
#3 C:\xampp\htdocs\virtus-web1\app\Controllers\Dashboard.php(27): view('Dashboard/d_1', Array)
#4 C:\xampp\htdocs\virtus-web1\vendor\codeigniter4\framework\system\CodeIgniter.php(918): App\Controllers\Dashboard->index()
#5 C:\xampp\htdocs\virtus-web1\vendor\codeigniter4\framework\system\CodeIgniter.php(404): CodeIgniter\CodeIgniter->runController(Object(App\Controllers\Dashboard))
#6 C:\xampp\htdocs\virtus-web1\vendor\codeigniter4\framework\system\CodeIgniter.php(312): CodeIgniter\CodeIgniter->handleRequest(NULL, Object(Config\Cache), false)
#7 C:\xampp\htdocs\virtus-web1\public\index.php(45): CodeIgniter\CodeIgniter->run()
#8 C:\xampp\htdocs\virtus-web1\vendor\codeigniter4\framework\system\Commands\Server\rewrite.php(34): require_once('C:\\xampp\\htdocs...')
#9 {main}
CRITICAL - 2021-02-22 10:06:02 --> Undefined variable: Lokasi
#0 C:\xampp\htdocs\virtus-web1\app\Views\Dashboard\d_1.php(20): CodeIgniter\Debug\Exceptions->errorHandler(8, 'Undefined varia...', 'C:\\xampp\\htdocs...', 20, Array)
#1 C:\xampp\htdocs\virtus-web1\vendor\codeigniter4\framework\system\View\View.php(246): include('C:\\xampp\\htdocs...')
#2 C:\xampp\htdocs\virtus-web1\vendor\codeigniter4\framework\system\Common.php(1119): CodeIgniter\View\View->render('Dashboard/d_1', Array, true)
#3 C:\xampp\htdocs\virtus-web1\app\Controllers\Dashboard.php(27): view('Dashboard/d_1', Array)
#4 C:\xampp\htdocs\virtus-web1\vendor\codeigniter4\framework\system\CodeIgniter.php(918): App\Controllers\Dashboard->index()
#5 C:\xampp\htdocs\virtus-web1\vendor\codeigniter4\framework\system\CodeIgniter.php(404): CodeIgniter\CodeIgniter->runController(Object(App\Controllers\Dashboard))
#6 C:\xampp\htdocs\virtus-web1\vendor\codeigniter4\framework\system\CodeIgniter.php(312): CodeIgniter\CodeIgniter->handleRequest(NULL, Object(Config\Cache), false)
#7 C:\xampp\htdocs\virtus-web1\public\index.php(45): CodeIgniter\CodeIgniter->run()
#8 C:\xampp\htdocs\virtus-web1\vendor\codeigniter4\framework\system\Commands\Server\rewrite.php(34): require_once('C:\\xampp\\htdocs...')
#9 {main}
CRITICAL - 2021-02-22 10:07:50 --> Undefined variable: Lokasi
#0 C:\xampp\htdocs\virtus-web1\app\Views\Dashboard\d_1.php(20): CodeIgniter\Debug\Exceptions->errorHandler(8, 'Undefined varia...', 'C:\\xampp\\htdocs...', 20, Array)
#1 C:\xampp\htdocs\virtus-web1\vendor\codeigniter4\framework\system\View\View.php(246): include('C:\\xampp\\htdocs...')
#2 C:\xampp\htdocs\virtus-web1\vendor\codeigniter4\framework\system\Common.php(1119): CodeIgniter\View\View->render('Dashboard/d_1', Array, true)
#3 C:\xampp\htdocs\virtus-web1\app\Controllers\Dashboard.php(27): view('Dashboard/d_1', Array)
#4 C:\xampp\htdocs\virtus-web1\vendor\codeigniter4\framework\system\CodeIgniter.php(918): App\Controllers\Dashboard->index()
#5 C:\xampp\htdocs\virtus-web1\vendor\codeigniter4\framework\system\CodeIgniter.php(404): CodeIgniter\CodeIgniter->runController(Object(App\Controllers\Dashboard))
#6 C:\xampp\htdocs\virtus-web1\vendor\codeigniter4\framework\system\CodeIgniter.php(312): CodeIgniter\CodeIgniter->handleRequest(NULL, Object(Config\Cache), false)
#7 C:\xampp\htdocs\virtus-web1\public\index.php(45): CodeIgniter\CodeIgniter->run()
#8 C:\xampp\htdocs\virtus-web1\vendor\codeigniter4\framework\system\Commands\Server\rewrite.php(34): require_once('C:\\xampp\\htdocs...')
#9 {main}
CRITICAL - 2021-02-22 10:11:37 --> Undefined index: data_area
#0 C:\xampp\htdocs\virtus-web1\app\Controllers\Dashboard.php(24): CodeIgniter\Debug\Exceptions->errorHandler(8, 'Undefined index...', 'C:\\xampp\\htdocs...', 24, Array)
#1 C:\xampp\htdocs\virtus-web1\vendor\codeigniter4\framework\system\CodeIgniter.php(918): App\Controllers\Dashboard->index()
#2 C:\xampp\htdocs\virtus-web1\vendor\codeigniter4\framework\system\CodeIgniter.php(404): CodeIgniter\CodeIgniter->runController(Object(App\Controllers\Dashboard))
#3 C:\xampp\htdocs\virtus-web1\vendor\codeigniter4\framework\system\CodeIgniter.php(312): CodeIgniter\CodeIgniter->handleRequest(NULL, Object(Config\Cache), false)
#4 C:\xampp\htdocs\virtus-web1\public\index.php(45): CodeIgniter\CodeIgniter->run()
#5 C:\xampp\htdocs\virtus-web1\vendor\codeigniter4\framework\system\Commands\Server\rewrite.php(34): require_once('C:\\xampp\\htdocs...')
#6 {main}
CRITICAL - 2021-02-22 10:13:11 --> Undefined index: Nama_area
#0 C:\xampp\htdocs\virtus-web1\app\Controllers\Dashboard.php(24): CodeIgniter\Debug\Exceptions->errorHandler(8, 'Undefined index...', 'C:\\xampp\\htdocs...', 24, Array)
#1 C:\xampp\htdocs\virtus-web1\vendor\codeigniter4\framework\system\CodeIgniter.php(918): App\Controllers\Dashboard->index()
#2 C:\xampp\htdocs\virtus-web1\vendor\codeigniter4\framework\system\CodeIgniter.php(404): CodeIgniter\CodeIgniter->runController(Object(App\Controllers\Dashboard))
#3 C:\xampp\htdocs\virtus-web1\vendor\codeigniter4\framework\system\CodeIgniter.php(312): CodeIgniter\CodeIgniter->handleRequest(NULL, Object(Config\Cache), false)
#4 C:\xampp\htdocs\virtus-web1\public\index.php(45): CodeIgniter\CodeIgniter->run()
#5 C:\xampp\htdocs\virtus-web1\vendor\codeigniter4\framework\system\Commands\Server\rewrite.php(34): require_once('C:\\xampp\\htdocs...')
#6 {main}
CRITICAL - 2021-02-22 10:14:13 --> Undefined variable: Lokasi
#0 C:\xampp\htdocs\virtus-web1\app\Views\Dashboard\d_1.php(20): CodeIgniter\Debug\Exceptions->errorHandler(8, 'Undefined varia...', 'C:\\xampp\\htdocs...', 20, Array)
#1 C:\xampp\htdocs\virtus-web1\vendor\codeigniter4\framework\system\View\View.php(246): include('C:\\xampp\\htdocs...')
#2 C:\xampp\htdocs\virtus-web1\vendor\codeigniter4\framework\system\Common.php(1119): CodeIgniter\View\View->render('Dashboard/d_1', Array, true)
#3 C:\xampp\htdocs\virtus-web1\app\Controllers\Dashboard.php(28): view('Dashboard/d_1', Array)
#4 C:\xampp\htdocs\virtus-web1\vendor\codeigniter4\framework\system\CodeIgniter.php(918): App\Controllers\Dashboard->index()
#5 C:\xampp\htdocs\virtus-web1\vendor\codeigniter4\framework\system\CodeIgniter.php(404): CodeIgniter\CodeIgniter->runController(Object(App\Controllers\Dashboard))
#6 C:\xampp\htdocs\virtus-web1\vendor\codeigniter4\framework\system\CodeIgniter.php(312): CodeIgniter\CodeIgniter->handleRequest(NULL, Object(Config\Cache), false)
#7 C:\xampp\htdocs\virtus-web1\public\index.php(45): CodeIgniter\CodeIgniter->run()
#8 C:\xampp\htdocs\virtus-web1\vendor\codeigniter4\framework\system\Commands\Server\rewrite.php(34): require_once('C:\\xampp\\htdocs...')
#9 {main}
CRITICAL - 2021-02-22 10:16:40 --> Undefined variable: Lokasi
#0 C:\xampp\htdocs\virtus-web1\app\Views\Dashboard\d_1.php(20): CodeIgniter\Debug\Exceptions->errorHandler(8, 'Undefined varia...', 'C:\\xampp\\htdocs...', 20, Array)
#1 C:\xampp\htdocs\virtus-web1\vendor\codeigniter4\framework\system\View\View.php(246): include('C:\\xampp\\htdocs...')
#2 C:\xampp\htdocs\virtus-web1\vendor\codeigniter4\framework\system\Common.php(1119): CodeIgniter\View\View->render('Dashboard/d_1', Array, true)
#3 C:\xampp\htdocs\virtus-web1\app\Controllers\Dashboard.php(27): view('Dashboard/d_1', Array)
#4 C:\xampp\htdocs\virtus-web1\vendor\codeigniter4\framework\system\CodeIgniter.php(918): App\Controllers\Dashboard->index()
#5 C:\xampp\htdocs\virtus-web1\vendor\codeigniter4\framework\system\CodeIgniter.php(404): CodeIgniter\CodeIgniter->runController(Object(App\Controllers\Dashboard))
#6 C:\xampp\htdocs\virtus-web1\vendor\codeigniter4\framework\system\CodeIgniter.php(312): CodeIgniter\CodeIgniter->handleRequest(NULL, Object(Config\Cache), false)
#7 C:\xampp\htdocs\virtus-web1\public\index.php(45): CodeIgniter\CodeIgniter->run()
#8 C:\xampp\htdocs\virtus-web1\vendor\codeigniter4\framework\system\Commands\Server\rewrite.php(34): require_once('C:\\xampp\\htdocs...')
#9 {main}
CRITICAL - 2021-02-22 10:22:54 --> Undefined variable: Lokasi
#0 C:\xampp\htdocs\virtus-web1\app\Views\Dashboard\d_1.php(20): CodeIgniter\Debug\Exceptions->errorHandler(8, 'Undefined varia...', 'C:\\xampp\\htdocs...', 20, Array)
#1 C:\xampp\htdocs\virtus-web1\vendor\codeigniter4\framework\system\View\View.php(246): include('C:\\xampp\\htdocs...')
#2 C:\xampp\htdocs\virtus-web1\vendor\codeigniter4\framework\system\Common.php(1119): CodeIgniter\View\View->render('Dashboard/d_1', Array, true)
#3 C:\xampp\htdocs\virtus-web1\app\Controllers\Dashboard.php(27): view('Dashboard/d_1', Array)
#4 C:\xampp\htdocs\virtus-web1\vendor\codeigniter4\framework\system\CodeIgniter.php(918): App\Controllers\Dashboard->index()
#5 C:\xampp\htdocs\virtus-web1\vendor\codeigniter4\framework\system\CodeIgniter.php(404): CodeIgniter\CodeIgniter->runController(Object(App\Controllers\Dashboard))
#6 C:\xampp\htdocs\virtus-web1\vendor\codeigniter4\framework\system\CodeIgniter.php(312): CodeIgniter\CodeIgniter->handleRequest(NULL, Object(Config\Cache), false)
#7 C:\xampp\htdocs\virtus-web1\public\index.php(45): CodeIgniter\CodeIgniter->run()
#8 C:\xampp\htdocs\virtus-web1\vendor\codeigniter4\framework\system\Commands\Server\rewrite.php(34): require_once('C:\\xampp\\htdocs...')
#9 {main}
CRITICAL - 2021-02-22 10:23:13 --> Undefined variable: data
#0 C:\xampp\htdocs\virtus-web1\app\Views\Dashboard\d_1.php(20): CodeIgniter\Debug\Exceptions->errorHandler(8, 'Undefined varia...', 'C:\\xampp\\htdocs...', 20, Array)
#1 C:\xampp\htdocs\virtus-web1\vendor\codeigniter4\framework\system\View\View.php(246): include('C:\\xampp\\htdocs...')
#2 C:\xampp\htdocs\virtus-web1\vendor\codeigniter4\framework\system\Common.php(1119): CodeIgniter\View\View->render('Dashboard/d_1', Array, true)
#3 C:\xampp\htdocs\virtus-web1\app\Controllers\Dashboard.php(27): view('Dashboard/d_1', Array)
#4 C:\xampp\htdocs\virtus-web1\vendor\codeigniter4\framework\system\CodeIgniter.php(918): App\Controllers\Dashboard->index()
#5 C:\xampp\htdocs\virtus-web1\vendor\codeigniter4\framework\system\CodeIgniter.php(404): CodeIgniter\CodeIgniter->runController(Object(App\Controllers\Dashboard))
#6 C:\xampp\htdocs\virtus-web1\vendor\codeigniter4\framework\system\CodeIgniter.php(312): CodeIgniter\CodeIgniter->handleRequest(NULL, Object(Config\Cache), false)
#7 C:\xampp\htdocs\virtus-web1\public\index.php(45): CodeIgniter\CodeIgniter->run()
#8 C:\xampp\htdocs\virtus-web1\vendor\codeigniter4\framework\system\Commands\Server\rewrite.php(34): require_once('C:\\xampp\\htdocs...')
#9 {main}
CRITICAL - 2021-02-22 10:25:46 --> Undefined variable: Lokasi
#0 C:\xampp\htdocs\virtus-web1\app\Views\Dashboard\d_1.php(150): CodeIgniter\Debug\Exceptions->errorHandler(8, 'Undefined varia...', 'C:\\xampp\\htdocs...', 150, Array)
#1 C:\xampp\htdocs\virtus-web1\vendor\codeigniter4\framework\system\View\View.php(246): include('C:\\xampp\\htdocs...')
#2 C:\xampp\htdocs\virtus-web1\vendor\codeigniter4\framework\system\Common.php(1119): CodeIgniter\View\View->render('Dashboard/d_1', Array, true)
#3 C:\xampp\htdocs\virtus-web1\app\Controllers\Dashboard.php(27): view('Dashboard/d_1', Array)
#4 C:\xampp\htdocs\virtus-web1\vendor\codeigniter4\framework\system\CodeIgniter.php(918): App\Controllers\Dashboard->index()
#5 C:\xampp\htdocs\virtus-web1\vendor\codeigniter4\framework\system\CodeIgniter.php(404): CodeIgniter\CodeIgniter->runController(Object(App\Controllers\Dashboard))
#6 C:\xampp\htdocs\virtus-web1\vendor\codeigniter4\framework\system\CodeIgniter.php(312): CodeIgniter\CodeIgniter->handleRequest(NULL, Object(Config\Cache), false)
#7 C:\xampp\htdocs\virtus-web1\public\index.php(45): CodeIgniter\CodeIgniter->run()
#8 C:\xampp\htdocs\virtus-web1\vendor\codeigniter4\framework\system\Commands\Server\rewrite.php(34): require_once('C:\\xampp\\htdocs...')
#9 {main}
CRITICAL - 2021-02-22 17:15:49 --> Undefined variable: Lokasi
#0 C:\xampp\htdocs\virtus-web1\app\Views\Dashboard\d_1.php(20): CodeIgniter\Debug\Exceptions->errorHandler(8, 'Undefined varia...', 'C:\\xampp\\htdocs...', 20, Array)
#1 C:\xampp\htdocs\virtus-web1\vendor\codeigniter4\framework\system\View\View.php(246): include('C:\\xampp\\htdocs...')
#2 C:\xampp\htdocs\virtus-web1\vendor\codeigniter4\framework\system\Common.php(1119): CodeIgniter\View\View->render('Dashboard/d_1', Array, true)
#3 C:\xampp\htdocs\virtus-web1\app\Controllers\Dashboard.php(27): view('Dashboard/d_1', Array)
#4 C:\xampp\htdocs\virtus-web1\vendor\codeigniter4\framework\system\CodeIgniter.php(918): App\Controllers\Dashboard->index()
#5 C:\xampp\htdocs\virtus-web1\vendor\codeigniter4\framework\system\CodeIgniter.php(404): CodeIgniter\CodeIgniter->runController(Object(App\Controllers\Dashboard))
#6 C:\xampp\htdocs\virtus-web1\vendor\codeigniter4\framework\system\CodeIgniter.php(312): CodeIgniter\CodeIgniter->handleRequest(NULL, Object(Config\Cache), false)
#7 C:\xampp\htdocs\virtus-web1\public\index.php(45): CodeIgniter\CodeIgniter->run()
#8 C:\xampp\htdocs\virtus-web1\vendor\codeigniter4\framework\system\Commands\Server\rewrite.php(34): require_once('C:\\xampp\\htdocs...')
#9 {main}
CRITICAL - 2021-02-22 17:24:11 --> Undefined property: App\Controllers\Dashboard::$data_area
#0 C:\xampp\htdocs\virtus-web1\app\Controllers\Dashboard.php(22): CodeIgniter\Debug\Exceptions->errorHandler(8, 'Undefined prope...', 'C:\\xampp\\htdocs...', 22, Array)
#1 C:\xampp\htdocs\virtus-web1\vendor\codeigniter4\framework\system\CodeIgniter.php(918): App\Controllers\Dashboard->index()
#2 C:\xampp\htdocs\virtus-web1\vendor\codeigniter4\framework\system\CodeIgniter.php(404): CodeIgniter\CodeIgniter->runController(Object(App\Controllers\Dashboard))
#3 C:\xampp\htdocs\virtus-web1\vendor\codeigniter4\framework\system\CodeIgniter.php(312): CodeIgniter\CodeIgniter->handleRequest(NULL, Object(Config\Cache), false)
#4 C:\xampp\htdocs\virtus-web1\public\index.php(45): CodeIgniter\CodeIgniter->run()
#5 C:\xampp\htdocs\virtus-web1\vendor\codeigniter4\framework\system\Commands\Server\rewrite.php(34): require_once('C:\\xampp\\htdocs...')
#6 {main}
CRITICAL - 2021-02-22 17:26:13 --> Undefined variable: Lokasi
#0 C:\xampp\htdocs\virtus-web1\app\Views\Dashboard\d_1.php(20): CodeIgniter\Debug\Exceptions->errorHandler(8, 'Undefined varia...', 'C:\\xampp\\htdocs...', 20, Array)
#1 C:\xampp\htdocs\virtus-web1\vendor\codeigniter4\framework\system\View\View.php(246): include('C:\\xampp\\htdocs...')
#2 C:\xampp\htdocs\virtus-web1\vendor\codeigniter4\framework\system\Common.php(1119): CodeIgniter\View\View->render('Dashboard/d_1', Array, true)
#3 C:\xampp\htdocs\virtus-web1\app\Controllers\Dashboard.php(27): view('Dashboard/d_1', Array)
#4 C:\xampp\htdocs\virtus-web1\vendor\codeigniter4\framework\system\CodeIgniter.php(918): App\Controllers\Dashboard->index()
#5 C:\xampp\htdocs\virtus-web1\vendor\codeigniter4\framework\system\CodeIgniter.php(404): CodeIgniter\CodeIgniter->runController(Object(App\Controllers\Dashboard))
#6 C:\xampp\htdocs\virtus-web1\vendor\codeigniter4\framework\system\CodeIgniter.php(312): CodeIgniter\CodeIgniter->handleRequest(NULL, Object(Config\Cache), false)
#7 C:\xampp\htdocs\virtus-web1\public\index.php(45): CodeIgniter\CodeIgniter->run()
#8 C:\xampp\htdocs\virtus-web1\vendor\codeigniter4\framework\system\Commands\Server\rewrite.php(34): require_once('C:\\xampp\\htdocs...')
#9 {main}
CRITICAL - 2021-02-22 17:29:05 --> Trying to access array offset on value of type int
#0 C:\xampp\htdocs\virtus-web1\app\Views\Dashboard\d_1.php(23): CodeIgniter\Debug\Exceptions->errorHandler(8, 'Trying to acces...', 'C:\\xampp\\htdocs...', 23, Array)
#1 C:\xampp\htdocs\virtus-web1\vendor\codeigniter4\framework\system\View\View.php(246): include('C:\\xampp\\htdocs...')
#2 C:\xampp\htdocs\virtus-web1\vendor\codeigniter4\framework\system\Common.php(1119): CodeIgniter\View\View->render('Dashboard/d_1', Array, true)
#3 C:\xampp\htdocs\virtus-web1\app\Controllers\Dashboard.php(27): view('Dashboard/d_1', Array)
#4 C:\xampp\htdocs\virtus-web1\vendor\codeigniter4\framework\system\CodeIgniter.php(918): App\Controllers\Dashboard->index()
#5 C:\xampp\htdocs\virtus-web1\vendor\codeigniter4\framework\system\CodeIgniter.php(404): CodeIgniter\CodeIgniter->runController(Object(App\Controllers\Dashboard))
#6 C:\xampp\htdocs\virtus-web1\vendor\codeigniter4\framework\system\CodeIgniter.php(312): CodeIgniter\CodeIgniter->handleRequest(NULL, Object(Config\Cache), false)
#7 C:\xampp\htdocs\virtus-web1\public\index.php(45): CodeIgniter\CodeIgniter->run()
#8 C:\xampp\htdocs\virtus-web1\vendor\codeigniter4\framework\system\Commands\Server\rewrite.php(34): require_once('C:\\xampp\\htdocs...')
#9 {main}
CRITICAL - 2021-02-22 17:59:36 --> Undefined index: jam
#0 C:\xampp\htdocs\virtus-web1\app\Views\Dashboard\d_1.php(61): CodeIgniter\Debug\Exceptions->errorHandler(8, 'Undefined index...', 'C:\\xampp\\htdocs...', 61, Array)
#1 C:\xampp\htdocs\virtus-web1\vendor\codeigniter4\framework\system\View\View.php(246): include('C:\\xampp\\htdocs...')
#2 C:\xampp\htdocs\virtus-web1\vendor\codeigniter4\framework\system\Common.php(1119): CodeIgniter\View\View->render('Dashboard/d_1', Array, true)
#3 C:\xampp\htdocs\virtus-web1\app\Controllers\Dashboard.php(33): view('Dashboard/d_1', Array)
#4 C:\xampp\htdocs\virtus-web1\vendor\codeigniter4\framework\system\CodeIgniter.php(918): App\Controllers\Dashboard->index()
#5 C:\xampp\htdocs\virtus-web1\vendor\codeigniter4\framework\system\CodeIgniter.php(404): CodeIgniter\CodeIgniter->runController(Object(App\Controllers\Dashboard))
#6 C:\xampp\htdocs\virtus-web1\vendor\codeigniter4\framework\system\CodeIgniter.php(312): CodeIgniter\CodeIgniter->handleRequest(NULL, Object(Config\Cache), false)
#7 C:\xampp\htdocs\virtus-web1\public\index.php(45): CodeIgniter\CodeIgniter->run()
#8 C:\xampp\htdocs\virtus-web1\vendor\codeigniter4\framework\system\Commands\Server\rewrite.php(34): require_once('C:\\xampp\\htdocs...')
#9 {main}
CRITICAL - 2021-02-22 18:01:08 --> Undefined index: NIK
#0 C:\xampp\htdocs\virtus-web1\app\Views\Dashboard\d_1.php(62): CodeIgniter\Debug\Exceptions->errorHandler(8, 'Undefined index...', 'C:\\xampp\\htdocs...', 62, Array)
#1 C:\xampp\htdocs\virtus-web1\vendor\codeigniter4\framework\system\View\View.php(246): include('C:\\xampp\\htdocs...')
#2 C:\xampp\htdocs\virtus-web1\vendor\codeigniter4\framework\system\Common.php(1119): CodeIgniter\View\View->render('Dashboard/d_1', Array, true)
#3 C:\xampp\htdocs\virtus-web1\app\Controllers\Dashboard.php(33): view('Dashboard/d_1', Array)
#4 C:\xampp\htdocs\virtus-web1\vendor\codeigniter4\framework\system\CodeIgniter.php(918): App\Controllers\Dashboard->index()
#5 C:\xampp\htdocs\virtus-web1\vendor\codeigniter4\framework\system\CodeIgniter.php(404): CodeIgniter\CodeIgniter->runController(Object(App\Controllers\Dashboard))
#6 C:\xampp\htdocs\virtus-web1\vendor\codeigniter4\framework\system\CodeIgniter.php(312): CodeIgniter\CodeIgniter->handleRequest(NULL, Object(Config\Cache), false)
#7 C:\xampp\htdocs\virtus-web1\public\index.php(45): CodeIgniter\CodeIgniter->run()
#8 C:\xampp\htdocs\virtus-web1\vendor\codeigniter4\framework\system\Commands\Server\rewrite.php(34): require_once('C:\\xampp\\htdocs...')
#9 {main}
